{"C:\\Users\\Administrator\\Desktop\\ticketing-system\\backend\\src\\bg-services\\helpermail.ts": {"path":"C:\\Users\\Administrator\\Desktop\\ticketing-system\\backend\\src\\bg-services\\helpermail.ts","statementMap":{"0":{"start":{"line":1,"column":0},"end":{"line":1,"column":58}},"1":{"start":{"line":2,"column":0},"end":{"line":2,"column":28}},"2":{"start":{"line":4,"column":0},"end":{"line":4,"column":16}},"3":{"start":{"line":7,"column":22},"end":{"line":7,"column":77}},"4":{"start":{"line":8,"column":2},"end":{"line":8,"column":21}},"5":{"start":{"line":11,"column":37},"end":{"line":23,"column":2}},"6":{"start":{"line":25,"column":20},"end":{"line":25,"column":57}},"7":{"start":{"line":27,"column":24},"end":{"line":41,"column":2}},"8":{"start":{"line":27,"column":54},"end":{"line":41,"column":2}},"9":{"start":{"line":28,"column":2},"end":{"line":40,"column":3}},"10":{"start":{"line":29,"column":4},"end":{"line":29,"column":31}},"11":{"start":{"line":31,"column":15},"end":{"line":31,"column":57}},"12":{"start":{"line":32,"column":4},"end":{"line":35,"column":6}},"13":{"start":{"line":36,"column":4},"end":{"line":36,"column":16}},"14":{"start":{"line":38,"column":4},"end":{"line":38,"column":50}},"15":{"start":{"line":39,"column":4},"end":{"line":39,"column":44}},"16":{"start":{"line":27,"column":13},"end":{"line":27,"column":24}}},"fnMap":{"0":{"name":"createTransporter","decl":{"start":{"line":6,"column":9},"end":{"line":6,"column":26}},"loc":{"start":{"line":6,"column":46},"end":{"line":9,"column":1}}},"1":{"name":"(anonymous_9)","decl":{"start":{"line":27,"column":24},"end":{"line":27,"column":31}},"loc":{"start":{"line":27,"column":54},"end":{"line":41,"column":2}}},"2":{"name":"(anonymous_10)","decl":{"start":{"line":27,"column":54},"end":{"line":27,"column":null}},"loc":{"start":{"line":27,"column":54},"end":{"line":41,"column":1}}}},"branchMap":{},"s":{"0":1,"1":1,"2":1,"3":1,"4":1,"5":1,"6":1,"7":1,"8":0,"9":0,"10":0,"11":0,"12":0,"13":0,"14":0,"15":0,"16":1},"f":{"0":1,"1":0,"2":0},"b":{}}
,"C:\\Users\\Administrator\\Desktop\\ticketing-system\\backend\\src\\middleware\\validate.inputs.ts": {"path":"C:\\Users\\Administrator\\Desktop\\ticketing-system\\backend\\src\\middleware\\validate.inputs.ts","statementMap":{"0":{"start":{"line":1,"column":0},"end":{"line":1,"column":22}},"1":{"start":{"line":4,"column":13},"end":{"line":15,"column":3}},"2":{"start":{"line":17,"column":13},"end":{"line":20,"column":3}},"3":{"start":{"line":21,"column":13},"end":{"line":24,"column":3}},"4":{"start":{"line":25,"column":13},"end":{"line":28,"column":3}},"5":{"start":{"line":30,"column":13},"end":{"line":41,"column":3}}},"fnMap":{},"branchMap":{},"s":{"0":2,"1":2,"2":2,"3":2,"4":2,"5":2},"f":{},"b":{}}
,"C:\\Users\\Administrator\\Desktop\\ticketing-system\\backend\\src\\services\\auth.service.ts": {"path":"C:\\Users\\Administrator\\Desktop\\ticketing-system\\backend\\src\\services\\auth.service.ts","statementMap":{"0":{"start":{"line":1,"column":0},"end":{"line":1,"column":46}},"1":{"start":{"line":2,"column":0},"end":{"line":2,"column":31}},"2":{"start":{"line":3,"column":0},"end":{"line":3,"column":28}},"3":{"start":{"line":6,"column":0},"end":{"line":6,"column":60}},"4":{"start":{"line":8,"column":2},"end":{"line":8,"column":30}},"5":{"start":{"line":10,"column":4},"end":{"line":72,"column":5}},"6":{"start":{"line":11,"column":24},"end":{"line":11,"column":57}},"7":{"start":{"line":12,"column":6},"end":{"line":18,"column":7}},"8":{"start":{"line":13,"column":8},"end":{"line":17,"column":10}},"9":{"start":{"line":19,"column":19},"end":{"line":24,"column":8}},"10":{"start":{"line":25,"column":6},"end":{"line":31,"column":7}},"11":{"start":{"line":26,"column":8},"end":{"line":30,"column":10}},"12":{"start":{"line":33,"column":6},"end":{"line":39,"column":7}},"13":{"start":{"line":34,"column":8},"end":{"line":38,"column":10}},"14":{"start":{"line":41,"column":28},"end":{"line":43,"column":null}},"15":{"start":{"line":45,"column":6},"end":{"line":51,"column":7}},"16":{"start":{"line":46,"column":8},"end":{"line":50,"column":10}},"17":{"start":{"line":52,"column":20},"end":{"line":55,"column":null}},"18":{"start":{"line":57,"column":6},"end":{"line":57,"column":29}},"19":{"start":{"line":58,"column":6},"end":{"line":62,"column":8}},"20":{"start":{"line":64,"column":6},"end":{"line":64,"column":53}},"21":{"start":{"line":65,"column":6},"end":{"line":69,"column":8}},"22":{"start":{"line":71,"column":6},"end":{"line":71,"column":38}},"23":{"start":{"line":7,"column":0},"end":{"line":7,"column":13}}},"fnMap":{"0":{"name":"(anonymous_8)","decl":{"start":{"line":7,"column":0},"end":{"line":7,"column":13}},"loc":{"start":{"line":7,"column":0},"end":{"line":74,"column":1}}},"1":{"name":"(anonymous_9)","decl":{"start":{"line":9,"column":8},"end":{"line":9,"column":13}},"loc":{"start":{"line":9,"column":37},"end":{"line":73,"column":null}}}},"branchMap":{"0":{"loc":{"start":{"line":12,"column":6},"end":{"line":18,"column":7}},"type":"if","locations":[{"start":{"line":12,"column":6},"end":{"line":18,"column":7}}]},"1":{"loc":{"start":{"line":25,"column":6},"end":{"line":31,"column":7}},"type":"if","locations":[{"start":{"line":25,"column":6},"end":{"line":31,"column":7}}]},"2":{"loc":{"start":{"line":33,"column":6},"end":{"line":39,"column":7}},"type":"if","locations":[{"start":{"line":33,"column":6},"end":{"line":39,"column":7}}]},"3":{"loc":{"start":{"line":45,"column":6},"end":{"line":51,"column":7}},"type":"if","locations":[{"start":{"line":45,"column":6},"end":{"line":51,"column":7}}]}},"s":{"0":1,"1":1,"2":1,"3":1,"4":4,"5":4,"6":4,"7":4,"8":0,"9":4,"10":4,"11":1,"12":3,"13":1,"14":2,"15":2,"16":1,"17":1,"18":1,"19":1,"20":0,"21":0,"22":4,"23":1},"f":{"0":4,"1":4},"b":{"0":[0],"1":[1],"2":[1],"3":[1]}}
,"C:\\Users\\Administrator\\Desktop\\ticketing-system\\backend\\src\\services\\booking.email.service.ts": {"path":"C:\\Users\\Administrator\\Desktop\\ticketing-system\\backend\\src\\services\\booking.email.service.ts","statementMap":{"0":{"start":{"line":1,"column":0},"end":{"line":1,"column":24}},"1":{"start":{"line":2,"column":0},"end":{"line":2,"column":22}},"2":{"start":{"line":3,"column":0},"end":{"line":3,"column":53}},"3":{"start":{"line":4,"column":0},"end":{"line":4,"column":55}},"4":{"start":{"line":5,"column":0},"end":{"line":5,"column":28}},"5":{"start":{"line":9,"column":15},"end":{"line":9,"column":33}},"6":{"start":{"line":11,"column":23},"end":{"line":19,"column":2}},"7":{"start":{"line":11,"column":63},"end":{"line":19,"column":2}},"8":{"start":{"line":12,"column":2},"end":{"line":18,"column":3}},"9":{"start":{"line":13,"column":26},"end":{"line":13,"column":54}},"10":{"start":{"line":14,"column":4},"end":{"line":14,"column":39}},"11":{"start":{"line":16,"column":4},"end":{"line":16,"column":54}},"12":{"start":{"line":17,"column":4},"end":{"line":17,"column":50}},"13":{"start":{"line":21,"column":25},"end":{"line":115,"column":2}},"14":{"start":{"line":24,"column":4},"end":{"line":115,"column":2}},"15":{"start":{"line":25,"column":2},"end":{"line":114,"column":3}},"16":{"start":{"line":26,"column":33},"end":{"line":37,"column":6}},"17":{"start":{"line":39,"column":4},"end":{"line":41,"column":5}},"18":{"start":{"line":40,"column":6},"end":{"line":40,"column":51}},"19":{"start":{"line":43,"column":28},"end":{"line":43,"column":48}},"20":{"start":{"line":45,"column":23},"end":{"line":49,"column":6}},"21":{"start":{"line":51,"column":25},"end":{"line":51,"column":57}},"22":{"start":{"line":53,"column":25},"end":{"line":55,"column":null}},"23":{"start":{"line":58,"column":17},"end":{"line":66,"column":6}},"24":{"start":{"line":68,"column":31},"end":{"line":92,"column":6}},"25":{"start":{"line":72,"column":8},"end":{"line":92,"column":6}},"26":{"start":{"line":73,"column":6},"end":{"line":88,"column":7}},"27":{"start":{"line":74,"column":8},"end":{"line":87,"column":9}},"28":{"start":{"line":75,"column":10},"end":{"line":75,"column":52}},"29":{"start":{"line":76,"column":10},"end":{"line":76,"column":68}},"30":{"start":{"line":77,"column":10},"end":{"line":77,"column":17}},"31":{"start":{"line":79,"column":10},"end":{"line":84,"column":12}},"32":{"start":{"line":85,"column":10},"end":{"line":85,"column":20}},"33":{"start":{"line":86,"column":10},"end":{"line":86,"column":68}},"34":{"start":{"line":86,"column":41},"end":{"line":86,"column":66}},"35":{"start":{"line":89,"column":6},"end":{"line":91,"column":8}},"36":{"start":{"line":94,"column":27},"end":{"line":98,"column":6}},"37":{"start":{"line":100,"column":4},"end":{"line":108,"column":5}},"38":{"start":{"line":102,"column":6},"end":{"line":104,"column":8}},"39":{"start":{"line":103,"column":35},"end":{"line":103,"column":76}},"40":{"start":{"line":107,"column":6},"end":{"line":107,"column":59}},"41":{"start":{"line":110,"column":4},"end":{"line":110,"column":70}},"42":{"start":{"line":111,"column":4},"end":{"line":111,"column":65}},"43":{"start":{"line":113,"column":4},"end":{"line":113,"column":31}},"44":{"start":{"line":256,"column":9},"end":{"line":256,"column":25}},"45":{"start":{"line":117,"column":31},"end":{"line":172,"column":2}},"46":{"start":{"line":117,"column":74},"end":{"line":172,"column":2}},"47":{"start":{"line":118,"column":2},"end":{"line":171,"column":3}},"48":{"start":{"line":119,"column":17},"end":{"line":123,"column":6}},"49":{"start":{"line":125,"column":4},"end":{"line":127,"column":5}},"50":{"start":{"line":126,"column":6},"end":{"line":126,"column":40}},"51":{"start":{"line":129,"column":25},"end":{"line":131,"column":null}},"52":{"start":{"line":135,"column":17},"end":{"line":137,"column":6}},"53":{"start":{"line":140,"column":27},"end":{"line":145,"column":6}},"54":{"start":{"line":148,"column":31},"end":{"line":164,"column":6}},"55":{"start":{"line":148,"column":67},"end":{"line":164,"column":6}},"56":{"start":{"line":149,"column":6},"end":{"line":162,"column":7}},"57":{"start":{"line":150,"column":8},"end":{"line":161,"column":9}},"58":{"start":{"line":151,"column":10},"end":{"line":151,"column":34}},"59":{"start":{"line":152,"column":10},"end":{"line":152,"column":62}},"60":{"start":{"line":153,"column":10},"end":{"line":153,"column":17}},"61":{"start":{"line":155,"column":10},"end":{"line":158,"column":12}},"62":{"start":{"line":159,"column":10},"end":{"line":159,"column":20}},"63":{"start":{"line":160,"column":10},"end":{"line":160,"column":68}},"64":{"start":{"line":160,"column":41},"end":{"line":160,"column":66}},"65":{"start":{"line":163,"column":6},"end":{"line":163,"column":76}},"66":{"start":{"line":167,"column":4},"end":{"line":167,"column":45}},"67":{"start":{"line":169,"column":4},"end":{"line":169,"column":64}},"68":{"start":{"line":170,"column":4},"end":{"line":170,"column":59}},"69":{"start":{"line":257,"column":9},"end":{"line":257,"column":31}},"70":{"start":{"line":174,"column":29},"end":{"line":223,"column":2}},"71":{"start":{"line":177,"column":4},"end":{"line":223,"column":2}},"72":{"start":{"line":178,"column":2},"end":{"line":222,"column":3}},"73":{"start":{"line":179,"column":25},"end":{"line":181,"column":null}},"74":{"start":{"line":185,"column":17},"end":{"line":188,"column":6}},"75":{"start":{"line":191,"column":27},"end":{"line":196,"column":6}},"76":{"start":{"line":199,"column":31},"end":{"line":215,"column":6}},"77":{"start":{"line":199,"column":67},"end":{"line":215,"column":6}},"78":{"start":{"line":200,"column":6},"end":{"line":213,"column":7}},"79":{"start":{"line":201,"column":8},"end":{"line":212,"column":9}},"80":{"start":{"line":202,"column":10},"end":{"line":202,"column":34}},"81":{"start":{"line":203,"column":10},"end":{"line":203,"column":65}},"82":{"start":{"line":204,"column":10},"end":{"line":204,"column":17}},"83":{"start":{"line":206,"column":10},"end":{"line":209,"column":12}},"84":{"start":{"line":210,"column":10},"end":{"line":210,"column":20}},"85":{"start":{"line":211,"column":10},"end":{"line":211,"column":68}},"86":{"start":{"line":211,"column":41},"end":{"line":211,"column":66}},"87":{"start":{"line":214,"column":6},"end":{"line":214,"column":74}},"88":{"start":{"line":218,"column":4},"end":{"line":218,"column":45}},"89":{"start":{"line":220,"column":4},"end":{"line":220,"column":62}},"90":{"start":{"line":221,"column":4},"end":{"line":221,"column":57}},"91":{"start":{"line":255,"column":9},"end":{"line":255,"column":29}},"92":{"start":{"line":225,"column":30},"end":{"line":252,"column":2}},"93":{"start":{"line":225,"column":68},"end":{"line":252,"column":2}},"94":{"start":{"line":226,"column":2},"end":{"line":251,"column":3}},"95":{"start":{"line":227,"column":25},"end":{"line":229,"column":null}},"96":{"start":{"line":233,"column":17},"end":{"line":235,"column":6}},"97":{"start":{"line":238,"column":27},"end":{"line":243,"column":6}},"98":{"start":{"line":246,"column":4},"end":{"line":246,"column":35}},"99":{"start":{"line":247,"column":4},"end":{"line":247,"column":55}},"100":{"start":{"line":249,"column":4},"end":{"line":249,"column":63}},"101":{"start":{"line":250,"column":4},"end":{"line":250,"column":58}},"102":{"start":{"line":254,"column":9},"end":{"line":254,"column":30}}},"fnMap":{"0":{"name":"(anonymous_8)","decl":{"start":{"line":11,"column":23},"end":{"line":11,"column":30}},"loc":{"start":{"line":11,"column":63},"end":{"line":19,"column":2}}},"1":{"name":"(anonymous_9)","decl":{"start":{"line":11,"column":63},"end":{"line":11,"column":null}},"loc":{"start":{"line":11,"column":63},"end":{"line":19,"column":1}}},"2":{"name":"(anonymous_10)","decl":{"start":{"line":21,"column":25},"end":{"line":21,"column":null}},"loc":{"start":{"line":24,"column":4},"end":{"line":115,"column":2}}},"3":{"name":"(anonymous_11)","decl":{"start":{"line":24,"column":4},"end":{"line":24,"column":null}},"loc":{"start":{"line":24,"column":4},"end":{"line":115,"column":1}}},"4":{"name":"(anonymous_12)","decl":{"start":{"line":68,"column":31},"end":{"line":68,"column":null}},"loc":{"start":{"line":72,"column":8},"end":{"line":92,"column":6}}},"5":{"name":"(anonymous_13)","decl":{"start":{"line":72,"column":8},"end":{"line":72,"column":null}},"loc":{"start":{"line":71,"column":17},"end":{"line":92,"column":5}}},"6":{"name":"(anonymous_14)","decl":{"start":{"line":86,"column":28},"end":{"line":86,"column":29}},"loc":{"start":{"line":86,"column":41},"end":{"line":86,"column":66}}},"7":{"name":"(anonymous_15)","decl":{"start":{"line":103,"column":24},"end":{"line":103,"column":25}},"loc":{"start":{"line":103,"column":35},"end":{"line":103,"column":76}}},"8":{"name":"(anonymous_16)","decl":{"start":{"line":117,"column":31},"end":{"line":117,"column":38}},"loc":{"start":{"line":117,"column":74},"end":{"line":172,"column":2}}},"9":{"name":"(anonymous_17)","decl":{"start":{"line":117,"column":74},"end":{"line":117,"column":null}},"loc":{"start":{"line":117,"column":74},"end":{"line":172,"column":1}}},"10":{"name":"(anonymous_18)","decl":{"start":{"line":148,"column":31},"end":{"line":148,"column":38}},"loc":{"start":{"line":148,"column":67},"end":{"line":164,"column":6}}},"11":{"name":"(anonymous_19)","decl":{"start":{"line":148,"column":67},"end":{"line":148,"column":null}},"loc":{"start":{"line":148,"column":63},"end":{"line":164,"column":5}}},"12":{"name":"(anonymous_20)","decl":{"start":{"line":160,"column":28},"end":{"line":160,"column":29}},"loc":{"start":{"line":160,"column":41},"end":{"line":160,"column":66}}},"13":{"name":"(anonymous_21)","decl":{"start":{"line":174,"column":29},"end":{"line":174,"column":null}},"loc":{"start":{"line":177,"column":4},"end":{"line":223,"column":2}}},"14":{"name":"(anonymous_22)","decl":{"start":{"line":177,"column":4},"end":{"line":177,"column":null}},"loc":{"start":{"line":177,"column":4},"end":{"line":223,"column":1}}},"15":{"name":"(anonymous_23)","decl":{"start":{"line":199,"column":31},"end":{"line":199,"column":38}},"loc":{"start":{"line":199,"column":67},"end":{"line":215,"column":6}}},"16":{"name":"(anonymous_24)","decl":{"start":{"line":199,"column":67},"end":{"line":199,"column":null}},"loc":{"start":{"line":199,"column":63},"end":{"line":215,"column":5}}},"17":{"name":"(anonymous_25)","decl":{"start":{"line":211,"column":28},"end":{"line":211,"column":29}},"loc":{"start":{"line":211,"column":41},"end":{"line":211,"column":66}}},"18":{"name":"(anonymous_26)","decl":{"start":{"line":225,"column":30},"end":{"line":225,"column":37}},"loc":{"start":{"line":225,"column":68},"end":{"line":252,"column":2}}},"19":{"name":"(anonymous_27)","decl":{"start":{"line":225,"column":68},"end":{"line":225,"column":null}},"loc":{"start":{"line":225,"column":68},"end":{"line":252,"column":1}}}},"branchMap":{"0":{"loc":{"start":{"line":39,"column":4},"end":{"line":41,"column":5}},"type":"if","locations":[{"start":{"line":39,"column":4},"end":{"line":41,"column":5}}]},"1":{"loc":{"start":{"line":71,"column":6},"end":{"line":71,"column":17}},"type":"default-arg","locations":[{"start":{"line":71,"column":16},"end":{"line":71,"column":17}}]},"2":{"loc":{"start":{"line":100,"column":4},"end":{"line":108,"column":5}},"type":"if","locations":[{"start":{"line":100,"column":4},"end":{"line":108,"column":5}},{"start":{"line":105,"column":11},"end":{"line":108,"column":5}}]},"3":{"loc":{"start":{"line":100,"column":8},"end":{"line":100,"column":45}},"type":"binary-expr","locations":[{"start":{"line":100,"column":8},"end":{"line":100,"column":19}},{"start":{"line":100,"column":23},"end":{"line":100,"column":45}}]},"4":{"loc":{"start":{"line":125,"column":4},"end":{"line":127,"column":5}},"type":"if","locations":[{"start":{"line":125,"column":4},"end":{"line":127,"column":5}}]},"5":{"loc":{"start":{"line":148,"column":52},"end":{"line":148,"column":63}},"type":"default-arg","locations":[{"start":{"line":148,"column":62},"end":{"line":148,"column":63}}]},"6":{"loc":{"start":{"line":199,"column":52},"end":{"line":199,"column":63}},"type":"default-arg","locations":[{"start":{"line":199,"column":62},"end":{"line":199,"column":63}}]}},"s":{"0":1,"1":1,"2":1,"3":1,"4":1,"5":1,"6":1,"7":0,"8":0,"9":0,"10":0,"11":0,"12":0,"13":1,"14":0,"15":0,"16":0,"17":0,"18":0,"19":0,"20":0,"21":0,"22":0,"23":0,"24":0,"25":0,"26":0,"27":0,"28":0,"29":0,"30":0,"31":0,"32":0,"33":0,"34":0,"35":0,"36":0,"37":0,"38":0,"39":0,"40":0,"41":0,"42":0,"43":0,"44":1,"45":1,"46":0,"47":0,"48":0,"49":0,"50":0,"51":0,"52":0,"53":0,"54":0,"55":0,"56":0,"57":0,"58":0,"59":0,"60":0,"61":0,"62":0,"63":0,"64":0,"65":0,"66":0,"67":0,"68":0,"69":1,"70":1,"71":0,"72":0,"73":0,"74":0,"75":0,"76":0,"77":0,"78":0,"79":0,"80":0,"81":0,"82":0,"83":0,"84":0,"85":0,"86":0,"87":0,"88":0,"89":0,"90":0,"91":1,"92":1,"93":0,"94":0,"95":0,"96":0,"97":0,"98":0,"99":0,"100":0,"101":0,"102":1},"f":{"0":0,"1":0,"2":0,"3":0,"4":0,"5":0,"6":0,"7":0,"8":0,"9":0,"10":0,"11":0,"12":0,"13":0,"14":0,"15":0,"16":0,"17":0,"18":0,"19":0},"b":{"0":[0],"1":[0],"2":[0,0],"3":[0,0],"4":[0],"5":[0],"6":[0]}}
,"C:\\Users\\Administrator\\Desktop\\ticketing-system\\backend\\src\\services\\event.service.ts": {"path":"C:\\Users\\Administrator\\Desktop\\ticketing-system\\backend\\src\\services\\event.service.ts","statementMap":{"0":{"start":{"line":1,"column":0},"end":{"line":1,"column":46}},"1":{"start":{"line":4,"column":0},"end":{"line":4,"column":36}},"2":{"start":{"line":7,"column":2},"end":{"line":7,"column":30}},"3":{"start":{"line":11,"column":4},"end":{"line":86,"column":5}},"4":{"start":{"line":22,"column":10},"end":{"line":22,"column":18}},"5":{"start":{"line":24,"column":22},"end":{"line":24,"column":30}},"6":{"start":{"line":26,"column":29},"end":{"line":35,"column":8}},"7":{"start":{"line":38,"column":6},"end":{"line":48,"column":7}},"8":{"start":{"line":39,"column":8},"end":{"line":47,"column":10}},"9":{"start":{"line":41,"column":49},"end":{"line":45,"column":14}},"10":{"start":{"line":51,"column":6},"end":{"line":62,"column":7}},"11":{"start":{"line":52,"column":8},"end":{"line":61,"column":10}},"12":{"start":{"line":54,"column":48},"end":{"line":59,"column":14}},"13":{"start":{"line":64,"column":20},"end":{"line":70,"column":8}},"14":{"start":{"line":72,"column":6},"end":{"line":76,"column":8}},"15":{"start":{"line":78,"column":6},"end":{"line":78,"column":52}},"16":{"start":{"line":79,"column":6},"end":{"line":83,"column":8}},"17":{"start":{"line":85,"column":6},"end":{"line":85,"column":38}},"18":{"start":{"line":90,"column":4},"end":{"line":115,"column":5}},"19":{"start":{"line":91,"column":21},"end":{"line":99,"column":8}},"20":{"start":{"line":101,"column":6},"end":{"line":105,"column":8}},"21":{"start":{"line":107,"column":6},"end":{"line":107,"column":52}},"22":{"start":{"line":108,"column":6},"end":{"line":112,"column":8}},"23":{"start":{"line":114,"column":6},"end":{"line":114,"column":38}},"24":{"start":{"line":119,"column":4},"end":{"line":144,"column":5}},"25":{"start":{"line":120,"column":20},"end":{"line":128,"column":8}},"26":{"start":{"line":130,"column":6},"end":{"line":134,"column":8}},"27":{"start":{"line":136,"column":6},"end":{"line":136,"column":51}},"28":{"start":{"line":137,"column":6},"end":{"line":141,"column":8}},"29":{"start":{"line":143,"column":6},"end":{"line":143,"column":38}},"30":{"start":{"line":148,"column":4},"end":{"line":173,"column":5}},"31":{"start":{"line":149,"column":21},"end":{"line":157,"column":8}},"32":{"start":{"line":159,"column":6},"end":{"line":163,"column":8}},"33":{"start":{"line":165,"column":6},"end":{"line":165,"column":52}},"34":{"start":{"line":166,"column":6},"end":{"line":170,"column":8}},"35":{"start":{"line":172,"column":6},"end":{"line":172,"column":38}},"36":{"start":{"line":180,"column":4},"end":{"line":314,"column":5}},"37":{"start":{"line":190,"column":10},"end":{"line":190,"column":22}},"38":{"start":{"line":192,"column":29},"end":{"line":199,"column":8}},"39":{"start":{"line":201,"column":6},"end":{"line":203,"column":7}},"40":{"start":{"line":202,"column":8},"end":{"line":202,"column":42}},"41":{"start":{"line":206,"column":27},"end":{"line":212,"column":8}},"42":{"start":{"line":214,"column":6},"end":{"line":216,"column":7}},"43":{"start":{"line":215,"column":8},"end":{"line":215,"column":43}},"44":{"start":{"line":220,"column":8},"end":{"line":226,"column":19}},"45":{"start":{"line":221,"column":31},"end":{"line":221,"column":41}},"46":{"start":{"line":222,"column":28},"end":{"line":226,"column":12}},"47":{"start":{"line":229,"column":8},"end":{"line":237,"column":19}},"48":{"start":{"line":230,"column":31},"end":{"line":230,"column":40}},"49":{"start":{"line":231,"column":28},"end":{"line":237,"column":12}},"50":{"start":{"line":239,"column":34},"end":{"line":241,"column":25}},"51":{"start":{"line":240,"column":23},"end":{"line":240,"column":76}},"52":{"start":{"line":240,"column":56},"end":{"line":240,"column":74}},"53":{"start":{"line":241,"column":20},"end":{"line":241,"column":24}},"54":{"start":{"line":245,"column":8},"end":{"line":252,"column":19}},"55":{"start":{"line":246,"column":31},"end":{"line":246,"column":41}},"56":{"start":{"line":247,"column":28},"end":{"line":252,"column":12}},"57":{"start":{"line":255,"column":8},"end":{"line":264,"column":19}},"58":{"start":{"line":256,"column":31},"end":{"line":256,"column":40}},"59":{"start":{"line":257,"column":28},"end":{"line":264,"column":12}},"60":{"start":{"line":266,"column":33},"end":{"line":268,"column":25}},"61":{"start":{"line":267,"column":23},"end":{"line":267,"column":75}},"62":{"start":{"line":267,"column":55},"end":{"line":267,"column":73}},"63":{"start":{"line":268,"column":20},"end":{"line":268,"column":24}},"64":{"start":{"line":271,"column":20},"end":{"line":298,"column":8}},"65":{"start":{"line":300,"column":6},"end":{"line":304,"column":8}},"66":{"start":{"line":306,"column":6},"end":{"line":306,"column":52}},"67":{"start":{"line":307,"column":6},"end":{"line":311,"column":8}},"68":{"start":{"line":313,"column":6},"end":{"line":313,"column":38}},"69":{"start":{"line":319,"column":4},"end":{"line":355,"column":5}},"70":{"start":{"line":320,"column":20},"end":{"line":322,"column":8}},"71":{"start":{"line":324,"column":6},"end":{"line":330,"column":7}},"72":{"start":{"line":325,"column":8},"end":{"line":329,"column":10}},"73":{"start":{"line":332,"column":34},"end":{"line":338,"column":8}},"74":{"start":{"line":340,"column":6},"end":{"line":345,"column":8}},"75":{"start":{"line":347,"column":6},"end":{"line":347,"column":64}},"76":{"start":{"line":348,"column":6},"end":{"line":352,"column":8}},"77":{"start":{"line":354,"column":6},"end":{"line":354,"column":38}},"78":{"start":{"line":362,"column":4},"end":{"line":398,"column":5}},"79":{"start":{"line":364,"column":24},"end":{"line":366,"column":8}},"80":{"start":{"line":368,"column":6},"end":{"line":374,"column":7}},"81":{"start":{"line":369,"column":8},"end":{"line":373,"column":10}},"82":{"start":{"line":377,"column":31},"end":{"line":382,"column":8}},"83":{"start":{"line":384,"column":6},"end":{"line":388,"column":8}},"84":{"start":{"line":390,"column":6},"end":{"line":390,"column":63}},"85":{"start":{"line":391,"column":6},"end":{"line":395,"column":8}},"86":{"start":{"line":397,"column":6},"end":{"line":397,"column":38}},"87":{"start":{"line":402,"column":4},"end":{"line":424,"column":5}},"88":{"start":{"line":403,"column":25},"end":{"line":408,"column":8}},"89":{"start":{"line":410,"column":6},"end":{"line":414,"column":8}},"90":{"start":{"line":416,"column":6},"end":{"line":416,"column":62}},"91":{"start":{"line":417,"column":6},"end":{"line":421,"column":8}},"92":{"start":{"line":423,"column":6},"end":{"line":423,"column":38}},"93":{"start":{"line":428,"column":4},"end":{"line":451,"column":5}},"94":{"start":{"line":429,"column":25},"end":{"line":435,"column":8}},"95":{"start":{"line":437,"column":6},"end":{"line":441,"column":8}},"96":{"start":{"line":443,"column":6},"end":{"line":443,"column":71}},"97":{"start":{"line":444,"column":6},"end":{"line":448,"column":8}},"98":{"start":{"line":450,"column":6},"end":{"line":450,"column":38}},"99":{"start":{"line":455,"column":4},"end":{"line":508,"column":5}},"100":{"start":{"line":456,"column":21},"end":{"line":487,"column":8}},"101":{"start":{"line":490,"column":29},"end":{"line":491,"column":null}},"102":{"start":{"line":491,"column":19},"end":{"line":491,"column":46}},"103":{"start":{"line":494,"column":6},"end":{"line":498,"column":8}},"104":{"start":{"line":500,"column":6},"end":{"line":500,"column":52}},"105":{"start":{"line":501,"column":6},"end":{"line":505,"column":8}},"106":{"start":{"line":507,"column":6},"end":{"line":507,"column":38}},"107":{"start":{"line":512,"column":4},"end":{"line":539,"column":5}},"108":{"start":{"line":513,"column":21},"end":{"line":524,"column":8}},"109":{"start":{"line":525,"column":6},"end":{"line":529,"column":8}},"110":{"start":{"line":531,"column":6},"end":{"line":531,"column":68}},"111":{"start":{"line":532,"column":6},"end":{"line":536,"column":8}},"112":{"start":{"line":538,"column":6},"end":{"line":538,"column":38}},"113":{"start":{"line":6,"column":0},"end":{"line":6,"column":13}}},"fnMap":{"0":{"name":"(anonymous_7)","decl":{"start":{"line":6,"column":0},"end":{"line":6,"column":13}},"loc":{"start":{"line":6,"column":0},"end":{"line":541,"column":1}}},"1":{"name":"(anonymous_8)","decl":{"start":{"line":10,"column":8},"end":{"line":10,"column":19}},"loc":{"start":{"line":10,"column":35},"end":{"line":87,"column":null}}},"2":{"name":"(anonymous_10)","decl":{"start":{"line":41,"column":36},"end":{"line":41,"column":37}},"loc":{"start":{"line":41,"column":49},"end":{"line":45,"column":14}}},"3":{"name":"(anonymous_11)","decl":{"start":{"line":54,"column":35},"end":{"line":54,"column":36}},"loc":{"start":{"line":54,"column":48},"end":{"line":59,"column":14}}},"4":{"name":"(anonymous_12)","decl":{"start":{"line":89,"column":8},"end":{"line":89,"column":20}},"loc":{"start":{"line":89,"column":20},"end":{"line":116,"column":null}}},"5":{"name":"(anonymous_14)","decl":{"start":{"line":118,"column":8},"end":{"line":118,"column":20}},"loc":{"start":{"line":118,"column":37},"end":{"line":145,"column":null}}},"6":{"name":"(anonymous_16)","decl":{"start":{"line":147,"column":8},"end":{"line":147,"column":25}},"loc":{"start":{"line":147,"column":44},"end":{"line":174,"column":null}}},"7":{"name":"(anonymous_18)","decl":{"start":{"line":175,"column":8},"end":{"line":175,"column":19}},"loc":{"start":{"line":178,"column":22},"end":{"line":315,"column":null}}},"8":{"name":"(anonymous_20)","decl":{"start":{"line":221,"column":19},"end":{"line":221,"column":20}},"loc":{"start":{"line":221,"column":31},"end":{"line":221,"column":41}}},"9":{"name":"(anonymous_21)","decl":{"start":{"line":222,"column":15},"end":{"line":222,"column":16}},"loc":{"start":{"line":222,"column":28},"end":{"line":226,"column":12}}},"10":{"name":"(anonymous_22)","decl":{"start":{"line":230,"column":19},"end":{"line":230,"column":20}},"loc":{"start":{"line":230,"column":31},"end":{"line":230,"column":40}}},"11":{"name":"(anonymous_23)","decl":{"start":{"line":231,"column":15},"end":{"line":231,"column":16}},"loc":{"start":{"line":231,"column":28},"end":{"line":237,"column":12}}},"12":{"name":"(anonymous_24)","decl":{"start":{"line":240,"column":16},"end":{"line":240,"column":17}},"loc":{"start":{"line":240,"column":23},"end":{"line":240,"column":76}}},"13":{"name":"(anonymous_25)","decl":{"start":{"line":240,"column":44},"end":{"line":240,"column":45}},"loc":{"start":{"line":240,"column":56},"end":{"line":240,"column":74}}},"14":{"name":"(anonymous_26)","decl":{"start":{"line":241,"column":13},"end":{"line":241,"column":14}},"loc":{"start":{"line":241,"column":20},"end":{"line":241,"column":24}}},"15":{"name":"(anonymous_27)","decl":{"start":{"line":246,"column":19},"end":{"line":246,"column":20}},"loc":{"start":{"line":246,"column":31},"end":{"line":246,"column":41}}},"16":{"name":"(anonymous_28)","decl":{"start":{"line":247,"column":15},"end":{"line":247,"column":16}},"loc":{"start":{"line":247,"column":28},"end":{"line":252,"column":12}}},"17":{"name":"(anonymous_29)","decl":{"start":{"line":256,"column":19},"end":{"line":256,"column":20}},"loc":{"start":{"line":256,"column":31},"end":{"line":256,"column":40}}},"18":{"name":"(anonymous_30)","decl":{"start":{"line":257,"column":15},"end":{"line":257,"column":16}},"loc":{"start":{"line":257,"column":28},"end":{"line":264,"column":12}}},"19":{"name":"(anonymous_31)","decl":{"start":{"line":267,"column":16},"end":{"line":267,"column":17}},"loc":{"start":{"line":267,"column":23},"end":{"line":267,"column":75}}},"20":{"name":"(anonymous_32)","decl":{"start":{"line":267,"column":43},"end":{"line":267,"column":44}},"loc":{"start":{"line":267,"column":55},"end":{"line":267,"column":73}}},"21":{"name":"(anonymous_33)","decl":{"start":{"line":268,"column":13},"end":{"line":268,"column":14}},"loc":{"start":{"line":268,"column":20},"end":{"line":268,"column":24}}},"22":{"name":"(anonymous_34)","decl":{"start":{"line":318,"column":8},"end":{"line":318,"column":29}},"loc":{"start":{"line":318,"column":63},"end":{"line":356,"column":null}}},"23":{"name":"(anonymous_36)","decl":{"start":{"line":358,"column":8},"end":{"line":358,"column":33}},"loc":{"start":{"line":360,"column":23},"end":{"line":399,"column":null}}},"24":{"name":"(anonymous_38)","decl":{"start":{"line":401,"column":8},"end":{"line":401,"column":29}},"loc":{"start":{"line":401,"column":29},"end":{"line":425,"column":null}}},"25":{"name":"(anonymous_40)","decl":{"start":{"line":427,"column":8},"end":{"line":427,"column":37}},"loc":{"start":{"line":427,"column":37},"end":{"line":452,"column":null}}},"26":{"name":"(anonymous_42)","decl":{"start":{"line":454,"column":8},"end":{"line":454,"column":26}},"loc":{"start":{"line":454,"column":42},"end":{"line":509,"column":null}}},"27":{"name":"(anonymous_44)","decl":{"start":{"line":491,"column":8},"end":{"line":491,"column":9}},"loc":{"start":{"line":491,"column":19},"end":{"line":491,"column":46}}},"28":{"name":"(anonymous_45)","decl":{"start":{"line":511,"column":8},"end":{"line":511,"column":34}},"loc":{"start":{"line":511,"column":34},"end":{"line":540,"column":null}}}},"branchMap":{"0":{"loc":{"start":{"line":38,"column":6},"end":{"line":48,"column":7}},"type":"if","locations":[{"start":{"line":38,"column":6},"end":{"line":48,"column":7}}]},"1":{"loc":{"start":{"line":38,"column":10},"end":{"line":38,"column":51}},"type":"binary-expr","locations":[{"start":{"line":38,"column":10},"end":{"line":38,"column":23}},{"start":{"line":38,"column":27},"end":{"line":38,"column":51}}]},"2":{"loc":{"start":{"line":51,"column":6},"end":{"line":62,"column":7}},"type":"if","locations":[{"start":{"line":51,"column":6},"end":{"line":62,"column":7}}]},"3":{"loc":{"start":{"line":51,"column":10},"end":{"line":51,"column":49}},"type":"binary-expr","locations":[{"start":{"line":51,"column":10},"end":{"line":51,"column":22}},{"start":{"line":51,"column":26},"end":{"line":51,"column":49}}]},"4":{"loc":{"start":{"line":201,"column":6},"end":{"line":203,"column":7}},"type":"if","locations":[{"start":{"line":201,"column":6},"end":{"line":203,"column":7}}]},"5":{"loc":{"start":{"line":214,"column":6},"end":{"line":216,"column":7}},"type":"if","locations":[{"start":{"line":214,"column":6},"end":{"line":216,"column":7}}]},"6":{"loc":{"start":{"line":220,"column":8},"end":{"line":226,"column":19}},"type":"binary-expr","locations":[{"start":{"line":220,"column":8},"end":{"line":226,"column":13}},{"start":{"line":226,"column":17},"end":{"line":226,"column":19}}]},"7":{"loc":{"start":{"line":220,"column":8},"end":{"line":226,"column":13}},"type":"cond-expr","locations":[{"start":{"line":220,"column":21},"end":{"line":220,"column":null}},{"start":{"line":220,"column":8},"end":{"line":226,"column":13}}]},"8":{"loc":{"start":{"line":220,"column":8},"end":{"line":220,"column":null}},"type":"binary-expr","locations":[{"start":{"line":220,"column":8},"end":{"line":220,"column":null}},{"start":{"line":220,"column":8},"end":{"line":220,"column":null}}]},"9":{"loc":{"start":{"line":229,"column":8},"end":{"line":237,"column":19}},"type":"binary-expr","locations":[{"start":{"line":229,"column":8},"end":{"line":237,"column":13}},{"start":{"line":237,"column":17},"end":{"line":237,"column":19}}]},"10":{"loc":{"start":{"line":229,"column":8},"end":{"line":237,"column":13}},"type":"cond-expr","locations":[{"start":{"line":229,"column":21},"end":{"line":229,"column":null}},{"start":{"line":229,"column":8},"end":{"line":237,"column":13}}]},"11":{"loc":{"start":{"line":229,"column":8},"end":{"line":229,"column":null}},"type":"binary-expr","locations":[{"start":{"line":229,"column":8},"end":{"line":229,"column":null}},{"start":{"line":229,"column":8},"end":{"line":229,"column":null}}]},"12":{"loc":{"start":{"line":240,"column":24},"end":{"line":240,"column":75}},"type":"cond-expr","locations":[{"start":{"line":240,"column":37},"end":{"line":240,"column":39}},{"start":{"line":240,"column":24},"end":{"line":240,"column":75}}]},"13":{"loc":{"start":{"line":240,"column":24},"end":{"line":240,"column":39}},"type":"binary-expr","locations":[{"start":{"line":240,"column":24},"end":{"line":240,"column":39}},{"start":{"line":240,"column":24},"end":{"line":240,"column":39}}]},"14":{"loc":{"start":{"line":245,"column":8},"end":{"line":252,"column":19}},"type":"binary-expr","locations":[{"start":{"line":245,"column":8},"end":{"line":252,"column":13}},{"start":{"line":252,"column":17},"end":{"line":252,"column":19}}]},"15":{"loc":{"start":{"line":245,"column":8},"end":{"line":252,"column":13}},"type":"cond-expr","locations":[{"start":{"line":245,"column":20},"end":{"line":245,"column":null}},{"start":{"line":245,"column":8},"end":{"line":252,"column":13}}]},"16":{"loc":{"start":{"line":245,"column":8},"end":{"line":245,"column":null}},"type":"binary-expr","locations":[{"start":{"line":245,"column":8},"end":{"line":245,"column":null}},{"start":{"line":245,"column":8},"end":{"line":245,"column":null}}]},"17":{"loc":{"start":{"line":255,"column":8},"end":{"line":264,"column":19}},"type":"binary-expr","locations":[{"start":{"line":255,"column":8},"end":{"line":264,"column":13}},{"start":{"line":264,"column":17},"end":{"line":264,"column":19}}]},"18":{"loc":{"start":{"line":255,"column":8},"end":{"line":264,"column":13}},"type":"cond-expr","locations":[{"start":{"line":255,"column":20},"end":{"line":255,"column":null}},{"start":{"line":255,"column":8},"end":{"line":264,"column":13}}]},"19":{"loc":{"start":{"line":255,"column":8},"end":{"line":255,"column":null}},"type":"binary-expr","locations":[{"start":{"line":255,"column":8},"end":{"line":255,"column":null}},{"start":{"line":255,"column":8},"end":{"line":255,"column":null}}]},"20":{"loc":{"start":{"line":267,"column":24},"end":{"line":267,"column":74}},"type":"cond-expr","locations":[{"start":{"line":267,"column":36},"end":{"line":267,"column":38}},{"start":{"line":267,"column":24},"end":{"line":267,"column":74}}]},"21":{"loc":{"start":{"line":267,"column":24},"end":{"line":267,"column":38}},"type":"binary-expr","locations":[{"start":{"line":267,"column":24},"end":{"line":267,"column":38}},{"start":{"line":267,"column":24},"end":{"line":267,"column":38}}]},"22":{"loc":{"start":{"line":309,"column":17},"end":{"line":309,"column":74}},"type":"binary-expr","locations":[{"start":{"line":309,"column":17},"end":{"line":309,"column":30}},{"start":{"line":309,"column":34},"end":{"line":309,"column":74}}]},"23":{"loc":{"start":{"line":324,"column":6},"end":{"line":330,"column":7}},"type":"if","locations":[{"start":{"line":324,"column":6},"end":{"line":330,"column":7}}]},"24":{"loc":{"start":{"line":368,"column":6},"end":{"line":374,"column":7}},"type":"if","locations":[{"start":{"line":368,"column":6},"end":{"line":374,"column":7}}]}},"s":{"0":1,"1":1,"2":19,"3":1,"4":1,"5":1,"6":1,"7":1,"8":1,"9":1,"10":1,"11":1,"12":1,"13":1,"14":1,"15":0,"16":0,"17":1,"18":2,"19":2,"20":1,"21":1,"22":1,"23":2,"24":2,"25":2,"26":2,"27":0,"28":0,"29":2,"30":0,"31":0,"32":0,"33":0,"34":0,"35":0,"36":3,"37":3,"38":3,"39":3,"40":0,"41":3,"42":3,"43":1,"44":2,"45":2,"46":0,"47":2,"48":2,"49":2,"50":2,"51":2,"52":2,"53":0,"54":2,"55":2,"56":0,"57":2,"58":2,"59":2,"60":2,"61":2,"62":2,"63":0,"64":2,"65":1,"66":2,"67":2,"68":3,"69":3,"70":3,"71":3,"72":1,"73":2,"74":1,"75":1,"76":1,"77":3,"78":3,"79":3,"80":2,"81":1,"82":1,"83":1,"84":1,"85":1,"86":3,"87":4,"88":4,"89":3,"90":1,"91":1,"92":4,"93":1,"94":1,"95":1,"96":0,"97":0,"98":1,"99":0,"100":0,"101":0,"102":0,"103":0,"104":0,"105":0,"106":0,"107":0,"108":0,"109":0,"110":0,"111":0,"112":0,"113":1},"f":{"0":19,"1":1,"2":1,"3":1,"4":2,"5":2,"6":0,"7":3,"8":2,"9":0,"10":2,"11":2,"12":2,"13":2,"14":0,"15":2,"16":0,"17":2,"18":2,"19":2,"20":2,"21":0,"22":3,"23":3,"24":4,"25":1,"26":0,"27":0,"28":0},"b":{"0":[1],"1":[1,1],"2":[1],"3":[1,1],"4":[0],"5":[1],"6":[2,0],"7":[0,2],"8":[2,2],"9":[2,0],"10":[0,2],"11":[2,2],"12":[0,2],"13":[2,2],"14":[2,0],"15":[0,2],"16":[2,2],"17":[2,0],"18":[0,2],"19":[2,2],"20":[0,2],"21":[2,2],"22":[2,0],"23":[1],"24":[1]}}
,"C:\\Users\\Administrator\\Desktop\\ticketing-system\\backend\\src\\services\\user.service.ts": {"path":"C:\\Users\\Administrator\\Desktop\\ticketing-system\\backend\\src\\services\\user.service.ts","statementMap":{"0":{"start":{"line":1,"column":0},"end":{"line":1,"column":46}},"1":{"start":{"line":3,"column":0},"end":{"line":3,"column":36}},"2":{"start":{"line":4,"column":0},"end":{"line":4,"column":28}},"3":{"start":{"line":7,"column":0},"end":{"line":7,"column":null}},"4":{"start":{"line":13,"column":0},"end":{"line":13,"column":78}},"5":{"start":{"line":16,"column":2},"end":{"line":16,"column":30}},"6":{"start":{"line":360,"column":2},"end":{"line":395,"column":4}},"7":{"start":{"line":360,"column":61},"end":{"line":395,"column":4}},"8":{"start":{"line":361,"column":4},"end":{"line":394,"column":5}},"9":{"start":{"line":362,"column":24},"end":{"line":362,"column":71}},"10":{"start":{"line":363,"column":6},"end":{"line":369,"column":7}},"11":{"start":{"line":364,"column":8},"end":{"line":368,"column":10}},"12":{"start":{"line":370,"column":29},"end":{"line":370,"column":59}},"13":{"start":{"line":371,"column":6},"end":{"line":378,"column":9}},"14":{"start":{"line":380,"column":6},"end":{"line":384,"column":8}},"15":{"start":{"line":386,"column":6},"end":{"line":386,"column":55}},"16":{"start":{"line":387,"column":6},"end":{"line":391,"column":8}},"17":{"start":{"line":393,"column":6},"end":{"line":393,"column":38}},"18":{"start":{"line":19,"column":4},"end":{"line":66,"column":5}},"19":{"start":{"line":20,"column":24},"end":{"line":20,"column":49}},"20":{"start":{"line":21,"column":6},"end":{"line":27,"column":7}},"21":{"start":{"line":22,"column":8},"end":{"line":26,"column":10}},"22":{"start":{"line":28,"column":22},"end":{"line":28,"column":30}},"23":{"start":{"line":29,"column":29},"end":{"line":29,"column":64}},"24":{"start":{"line":31,"column":6},"end":{"line":40,"column":9}},"25":{"start":{"line":42,"column":6},"end":{"line":46,"column":8}},"26":{"start":{"line":48,"column":6},"end":{"line":63,"column":7}},"27":{"start":{"line":51,"column":8},"end":{"line":55,"column":10}},"28":{"start":{"line":57,"column":8},"end":{"line":57,"column":56}},"29":{"start":{"line":58,"column":8},"end":{"line":62,"column":10}},"30":{"start":{"line":65,"column":6},"end":{"line":65,"column":38}},"31":{"start":{"line":70,"column":4},"end":{"line":86,"column":5}},"32":{"start":{"line":71,"column":18},"end":{"line":71,"column":51}},"33":{"start":{"line":72,"column":6},"end":{"line":76,"column":8}},"34":{"start":{"line":78,"column":6},"end":{"line":78,"column":52}},"35":{"start":{"line":79,"column":6},"end":{"line":83,"column":8}},"36":{"start":{"line":85,"column":6},"end":{"line":85,"column":38}},"37":{"start":{"line":90,"column":4},"end":{"line":110,"column":5}},"38":{"start":{"line":91,"column":17},"end":{"line":95,"column":8}},"39":{"start":{"line":96,"column":6},"end":{"line":100,"column":8}},"40":{"start":{"line":102,"column":6},"end":{"line":102,"column":51}},"41":{"start":{"line":103,"column":6},"end":{"line":107,"column":8}},"42":{"start":{"line":109,"column":6},"end":{"line":109,"column":38}},"43":{"start":{"line":114,"column":4},"end":{"line":145,"column":5}},"44":{"start":{"line":115,"column":29},"end":{"line":117,"column":19}},"45":{"start":{"line":118,"column":6},"end":{"line":130,"column":9}},"46":{"start":{"line":132,"column":6},"end":{"line":136,"column":8}},"47":{"start":{"line":138,"column":6},"end":{"line":142,"column":8}},"48":{"start":{"line":144,"column":6},"end":{"line":144,"column":38}},"49":{"start":{"line":150,"column":4},"end":{"line":173,"column":5}},"50":{"start":{"line":151,"column":6},"end":{"line":158,"column":9}},"51":{"start":{"line":159,"column":6},"end":{"line":163,"column":8}},"52":{"start":{"line":165,"column":6},"end":{"line":165,"column":63}},"53":{"start":{"line":166,"column":6},"end":{"line":170,"column":8}},"54":{"start":{"line":172,"column":6},"end":{"line":172,"column":38}},"55":{"start":{"line":178,"column":4},"end":{"line":216,"column":5}},"56":{"start":{"line":179,"column":19},"end":{"line":181,"column":8}},"57":{"start":{"line":183,"column":6},"end":{"line":189,"column":7}},"58":{"start":{"line":184,"column":8},"end":{"line":188,"column":10}},"59":{"start":{"line":191,"column":29},"end":{"line":197,"column":8}},"60":{"start":{"line":199,"column":6},"end":{"line":199,"column":78}},"61":{"start":{"line":201,"column":6},"end":{"line":206,"column":8}},"62":{"start":{"line":208,"column":6},"end":{"line":208,"column":60}},"63":{"start":{"line":209,"column":6},"end":{"line":213,"column":8}},"64":{"start":{"line":215,"column":6},"end":{"line":215,"column":38}},"65":{"start":{"line":220,"column":4},"end":{"line":247,"column":5}},"66":{"start":{"line":221,"column":26},"end":{"line":223,"column":8}},"67":{"start":{"line":225,"column":6},"end":{"line":231,"column":7}},"68":{"start":{"line":226,"column":8},"end":{"line":230,"column":10}},"69":{"start":{"line":233,"column":6},"end":{"line":237,"column":8}},"70":{"start":{"line":239,"column":6},"end":{"line":239,"column":59}},"71":{"start":{"line":240,"column":6},"end":{"line":244,"column":8}},"72":{"start":{"line":246,"column":6},"end":{"line":246,"column":38}},"73":{"start":{"line":251,"column":33},"end":{"line":313,"column":null}},"74":{"start":{"line":252,"column":4},"end":{"line":312,"column":5}},"75":{"start":{"line":253,"column":26},"end":{"line":256,"column":8}},"76":{"start":{"line":258,"column":6},"end":{"line":264,"column":7}},"77":{"start":{"line":259,"column":8},"end":{"line":263,"column":10}},"78":{"start":{"line":266,"column":6},"end":{"line":301,"column":7}},"79":{"start":{"line":267,"column":8},"end":{"line":270,"column":11}},"80":{"start":{"line":272,"column":8},"end":{"line":280,"column":9}},"81":{"start":{"line":273,"column":10},"end":{"line":276,"column":12}},"82":{"start":{"line":278,"column":10},"end":{"line":278,"column":74}},"83":{"start":{"line":282,"column":8},"end":{"line":284,"column":11}},"84":{"start":{"line":286,"column":8},"end":{"line":290,"column":10}},"85":{"start":{"line":292,"column":8},"end":{"line":294,"column":11}},"86":{"start":{"line":296,"column":8},"end":{"line":300,"column":10}},"87":{"start":{"line":303,"column":6},"end":{"line":303,"column":80}},"88":{"start":{"line":304,"column":6},"end":{"line":309,"column":8}},"89":{"start":{"line":311,"column":6},"end":{"line":311,"column":38}},"90":{"start":{"line":316,"column":4},"end":{"line":316,"column":66}},"91":{"start":{"line":319,"column":4},"end":{"line":356,"column":5}},"92":{"start":{"line":320,"column":19},"end":{"line":322,"column":8}},"93":{"start":{"line":323,"column":6},"end":{"line":329,"column":7}},"94":{"start":{"line":324,"column":8},"end":{"line":328,"column":10}},"95":{"start":{"line":330,"column":24},"end":{"line":330,"column":49}},"96":{"start":{"line":331,"column":23},"end":{"line":331,"column":57}},"97":{"start":{"line":332,"column":6},"end":{"line":340,"column":9}},"98":{"start":{"line":341,"column":6},"end":{"line":341,"column":53}},"99":{"start":{"line":342,"column":6},"end":{"line":346,"column":8}},"100":{"start":{"line":348,"column":6},"end":{"line":348,"column":63}},"101":{"start":{"line":349,"column":6},"end":{"line":353,"column":8}},"102":{"start":{"line":355,"column":6},"end":{"line":355,"column":38}},"103":{"start":{"line":398,"column":4},"end":{"line":428,"column":5}},"104":{"start":{"line":399,"column":27},"end":{"line":412,"column":8}},"105":{"start":{"line":414,"column":6},"end":{"line":418,"column":8}},"106":{"start":{"line":420,"column":6},"end":{"line":420,"column":60}},"107":{"start":{"line":421,"column":6},"end":{"line":425,"column":8}},"108":{"start":{"line":427,"column":6},"end":{"line":427,"column":38}},"109":{"start":{"line":432,"column":4},"end":{"line":517,"column":5}},"110":{"start":{"line":434,"column":24},"end":{"line":461,"column":8}},"111":{"start":{"line":463,"column":6},"end":{"line":469,"column":7}},"112":{"start":{"line":464,"column":8},"end":{"line":468,"column":10}},"113":{"start":{"line":472,"column":33},"end":{"line":503,"column":8}},"114":{"start":{"line":474,"column":34},"end":{"line":483,"column":11}},"115":{"start":{"line":474,"column":65},"end":{"line":483,"column":11}},"116":{"start":{"line":481,"column":35},"end":{"line":481,"column":65}},"117":{"start":{"line":486,"column":29},"end":{"line":488,"column":41}},"118":{"start":{"line":487,"column":22},"end":{"line":487,"column":28}},"119":{"start":{"line":488,"column":25},"end":{"line":488,"column":40}},"120":{"start":{"line":490,"column":8},"end":{"line":502,"column":10}},"121":{"start":{"line":505,"column":6},"end":{"line":509,"column":8}},"122":{"start":{"line":511,"column":6},"end":{"line":511,"column":62}},"123":{"start":{"line":512,"column":6},"end":{"line":516,"column":8}},"124":{"start":{"line":15,"column":0},"end":{"line":15,"column":13}}},"fnMap":{"0":{"name":"(anonymous_8)","decl":{"start":{"line":15,"column":0},"end":{"line":15,"column":13}},"loc":{"start":{"line":15,"column":0},"end":{"line":519,"column":1}}},"1":{"name":"(anonymous_9)","decl":{"start":{"line":360,"column":19},"end":{"line":360,"column":26}},"loc":{"start":{"line":360,"column":61},"end":{"line":395,"column":4}}},"2":{"name":"(anonymous_10)","decl":{"start":{"line":360,"column":61},"end":{"line":360,"column":null}},"loc":{"start":{"line":360,"column":61},"end":{"line":395,"column":3}}},"3":{"name":"(anonymous_11)","decl":{"start":{"line":18,"column":8},"end":{"line":18,"column":20}},"loc":{"start":{"line":18,"column":39},"end":{"line":67,"column":null}}},"4":{"name":"(anonymous_13)","decl":{"start":{"line":69,"column":8},"end":{"line":69,"column":19}},"loc":{"start":{"line":69,"column":19},"end":{"line":87,"column":null}}},"5":{"name":"(anonymous_15)","decl":{"start":{"line":89,"column":8},"end":{"line":89,"column":19}},"loc":{"start":{"line":89,"column":35},"end":{"line":111,"column":null}}},"6":{"name":"(anonymous_17)","decl":{"start":{"line":113,"column":8},"end":{"line":113,"column":18}},"loc":{"start":{"line":113,"column":52},"end":{"line":146,"column":null}}},"7":{"name":"(anonymous_19)","decl":{"start":{"line":149,"column":8},"end":{"line":149,"column":25}},"loc":{"start":{"line":149,"column":41},"end":{"line":174,"column":null}}},"8":{"name":"(anonymous_21)","decl":{"start":{"line":177,"column":8},"end":{"line":177,"column":25}},"loc":{"start":{"line":177,"column":55},"end":{"line":217,"column":null}}},"9":{"name":"(anonymous_23)","decl":{"start":{"line":219,"column":8},"end":{"line":219,"column":24}},"loc":{"start":{"line":219,"column":40},"end":{"line":248,"column":null}}},"10":{"name":"(anonymous_25)","decl":{"start":{"line":251,"column":8},"end":{"line":251,"column":32}},"loc":{"start":{"line":251,"column":32},"end":{"line":313,"column":null}}},"11":{"name":"(anonymous_26)","decl":{"start":{"line":251,"column":33},"end":{"line":251,"column":35}},"loc":{"start":{"line":251,"column":68},"end":{"line":313,"column":3}}},"12":{"name":"(anonymous_27)","decl":{"start":{"line":315,"column":2},"end":{"line":315,"column":20}},"loc":{"start":{"line":315,"column":20},"end":{"line":317,"column":3}}},"13":{"name":"(anonymous_28)","decl":{"start":{"line":318,"column":8},"end":{"line":318,"column":28}},"loc":{"start":{"line":318,"column":42},"end":{"line":357,"column":null}}},"14":{"name":"(anonymous_30)","decl":{"start":{"line":397,"column":8},"end":{"line":397,"column":25}},"loc":{"start":{"line":397,"column":25},"end":{"line":429,"column":null}}},"15":{"name":"(anonymous_32)","decl":{"start":{"line":431,"column":8},"end":{"line":431,"column":24}},"loc":{"start":{"line":431,"column":39},"end":{"line":518,"column":null}}},"16":{"name":"(anonymous_34)","decl":{"start":{"line":472,"column":47},"end":{"line":472,"column":48}},"loc":{"start":{"line":472,"column":56},"end":{"line":503,"column":7}}},"17":{"name":"(anonymous_35)","decl":{"start":{"line":474,"column":52},"end":{"line":474,"column":53}},"loc":{"start":{"line":474,"column":64},"end":{"line":483,"column":11}}},"18":{"name":"(anonymous_36)","decl":{"start":{"line":481,"column":28},"end":{"line":481,"column":29}},"loc":{"start":{"line":481,"column":35},"end":{"line":481,"column":65}}},"19":{"name":"(anonymous_37)","decl":{"start":{"line":487,"column":15},"end":{"line":487,"column":16}},"loc":{"start":{"line":487,"column":22},"end":{"line":487,"column":28}}},"20":{"name":"(anonymous_38)","decl":{"start":{"line":488,"column":18},"end":{"line":488,"column":19}},"loc":{"start":{"line":488,"column":25},"end":{"line":488,"column":40}}}},"branchMap":{"0":{"loc":{"start":{"line":363,"column":6},"end":{"line":369,"column":7}},"type":"if","locations":[{"start":{"line":363,"column":6},"end":{"line":369,"column":7}}]},"1":{"loc":{"start":{"line":21,"column":6},"end":{"line":27,"column":7}},"type":"if","locations":[{"start":{"line":21,"column":6},"end":{"line":27,"column":7}}]},"2":{"loc":{"start":{"line":48,"column":6},"end":{"line":63,"column":7}},"type":"if","locations":[{"start":{"line":48,"column":6},"end":{"line":63,"column":7}},{"start":{"line":56,"column":13},"end":{"line":63,"column":7}}]},"3":{"loc":{"start":{"line":115,"column":29},"end":{"line":117,"column":19}},"type":"cond-expr","locations":[{"start":{"line":116,"column":10},"end":{"line":116,"column":45}},{"start":{"line":117,"column":10},"end":{"line":117,"column":19}}]},"4":{"loc":{"start":{"line":183,"column":6},"end":{"line":189,"column":7}},"type":"if","locations":[{"start":{"line":183,"column":6},"end":{"line":189,"column":7}}]},"5":{"loc":{"start":{"line":225,"column":6},"end":{"line":231,"column":7}},"type":"if","locations":[{"start":{"line":225,"column":6},"end":{"line":231,"column":7}}]},"6":{"loc":{"start":{"line":258,"column":6},"end":{"line":264,"column":7}},"type":"if","locations":[{"start":{"line":258,"column":6},"end":{"line":264,"column":7}}]},"7":{"loc":{"start":{"line":266,"column":6},"end":{"line":301,"column":7}},"type":"if","locations":[{"start":{"line":266,"column":6},"end":{"line":301,"column":7}},{"start":{"line":291,"column":13},"end":{"line":301,"column":7}}]},"8":{"loc":{"start":{"line":323,"column":6},"end":{"line":329,"column":7}},"type":"if","locations":[{"start":{"line":323,"column":6},"end":{"line":329,"column":7}}]},"9":{"loc":{"start":{"line":463,"column":6},"end":{"line":469,"column":7}},"type":"if","locations":[{"start":{"line":463,"column":6},"end":{"line":469,"column":7}}]},"10":{"loc":{"start":{"line":481,"column":12},"end":{"line":482,"column":16}},"type":"binary-expr","locations":[{"start":{"line":481,"column":12},"end":{"line":481,"column":72}},{"start":{"line":482,"column":12},"end":{"line":482,"column":16}}]},"11":{"loc":{"start":{"line":481,"column":12},"end":{"line":481,"column":72}},"type":"cond-expr","locations":[{"start":{"line":481,"column":66},"end":{"line":481,"column":68}},{"start":{"line":481,"column":66},"end":{"line":481,"column":72}}]},"12":{"loc":{"start":{"line":481,"column":12},"end":{"line":481,"column":68}},"type":"binary-expr","locations":[{"start":{"line":481,"column":12},"end":{"line":481,"column":68}},{"start":{"line":481,"column":66},"end":{"line":481,"column":68}}]},"13":{"loc":{"start":{"line":501,"column":12},"end":{"line":501,"column":67}},"type":"binary-expr","locations":[{"start":{"line":501,"column":12},"end":{"line":501,"column":59}},{"start":{"line":501,"column":63},"end":{"line":501,"column":67}}]}},"s":{"0":1,"1":1,"2":1,"3":1,"4":1,"5":9,"6":9,"7":0,"8":0,"9":0,"10":0,"11":0,"12":0,"13":0,"14":0,"15":0,"16":0,"17":0,"18":3,"19":3,"20":3,"21":0,"22":3,"23":3,"24":3,"25":1,"26":2,"27":1,"28":1,"29":1,"30":3,"31":2,"32":2,"33":1,"34":1,"35":1,"36":2,"37":2,"38":2,"39":1,"40":1,"41":1,"42":2,"43":2,"44":2,"45":2,"46":1,"47":1,"48":2,"49":0,"50":0,"51":0,"52":0,"53":0,"54":0,"55":0,"56":0,"57":0,"58":0,"59":0,"60":0,"61":0,"62":0,"63":0,"64":0,"65":0,"66":0,"67":0,"68":0,"69":0,"70":0,"71":0,"72":0,"73":0,"74":0,"75":0,"76":0,"77":0,"78":0,"79":0,"80":0,"81":0,"82":0,"83":0,"84":0,"85":0,"86":0,"87":0,"88":0,"89":0,"90":0,"91":0,"92":0,"93":0,"94":0,"95":0,"96":0,"97":0,"98":0,"99":0,"100":0,"101":0,"102":0,"103":0,"104":0,"105":0,"106":0,"107":0,"108":0,"109":0,"110":0,"111":0,"112":0,"113":0,"114":0,"115":0,"116":0,"117":0,"118":0,"119":0,"120":0,"121":0,"122":0,"123":0,"124":1},"f":{"0":9,"1":0,"2":0,"3":3,"4":2,"5":2,"6":2,"7":0,"8":0,"9":0,"10":0,"11":0,"12":0,"13":0,"14":0,"15":0,"16":0,"17":0,"18":0,"19":0,"20":0},"b":{"0":[0],"1":[0],"2":[1,1],"3":[2,0],"4":[0],"5":[0],"6":[0],"7":[0,0],"8":[0],"9":[0],"10":[0,0],"11":[0,0],"12":[0,0],"13":[0,0]}}
}
