TN:
SF:src\bg-services\helpermail.ts
FN:6,createTransporter
FN:27,(anonymous_9)
FN:27,(anonymous_10)
FNF:3
FNH:1
FNDA:1,createTransporter
FNDA:0,(anonymous_9)
FNDA:0,(anonymous_10)
DA:1,1
DA:2,1
DA:4,1
DA:7,1
DA:8,1
DA:11,1
DA:25,1
DA:27,1
DA:28,0
DA:29,0
DA:31,0
DA:32,0
DA:36,0
DA:38,0
DA:39,0
LF:15
LH:8
BRF:0
BRH:0
end_of_record
TN:
SF:src\middleware\validate.inputs.ts
FNF:0
FNH:0
DA:1,2
DA:4,2
DA:17,2
DA:21,2
DA:25,2
DA:30,2
LF:6
LH:6
BRF:0
BRH:0
end_of_record
TN:
SF:src\services\auth.service.ts
FN:7,(anonymous_8)
FN:9,(anonymous_9)
FNF:2
FNH:2
FNDA:4,(anonymous_8)
FNDA:4,(anonymous_9)
DA:1,1
DA:2,1
DA:3,1
DA:6,1
DA:7,1
DA:8,4
DA:10,4
DA:11,4
DA:12,4
DA:13,0
DA:19,4
DA:25,4
DA:26,1
DA:33,3
DA:34,1
DA:41,2
DA:45,2
DA:46,1
DA:52,1
DA:57,1
DA:58,1
DA:64,0
DA:65,0
DA:71,4
LF:24
LH:21
BRDA:12,0,0,0
BRDA:25,1,0,1
BRDA:33,2,0,1
BRDA:45,3,0,1
BRF:4
BRH:3
end_of_record
TN:
SF:src\services\booking.email.service.ts
FN:11,(anonymous_8)
FN:11,(anonymous_9)
FN:21,(anonymous_10)
FN:24,(anonymous_11)
FN:68,(anonymous_12)
FN:72,(anonymous_13)
FN:86,(anonymous_14)
FN:103,(anonymous_15)
FN:117,(anonymous_16)
FN:117,(anonymous_17)
FN:148,(anonymous_18)
FN:148,(anonymous_19)
FN:160,(anonymous_20)
FN:174,(anonymous_21)
FN:177,(anonymous_22)
FN:199,(anonymous_23)
FN:199,(anonymous_24)
FN:211,(anonymous_25)
FN:225,(anonymous_26)
FN:225,(anonymous_27)
FNF:20
FNH:0
FNDA:0,(anonymous_8)
FNDA:0,(anonymous_9)
FNDA:0,(anonymous_10)
FNDA:0,(anonymous_11)
FNDA:0,(anonymous_12)
FNDA:0,(anonymous_13)
FNDA:0,(anonymous_14)
FNDA:0,(anonymous_15)
FNDA:0,(anonymous_16)
FNDA:0,(anonymous_17)
FNDA:0,(anonymous_18)
FNDA:0,(anonymous_19)
FNDA:0,(anonymous_20)
FNDA:0,(anonymous_21)
FNDA:0,(anonymous_22)
FNDA:0,(anonymous_23)
FNDA:0,(anonymous_24)
FNDA:0,(anonymous_25)
FNDA:0,(anonymous_26)
FNDA:0,(anonymous_27)
DA:1,1
DA:2,1
DA:3,1
DA:4,1
DA:5,1
DA:9,1
DA:11,1
DA:12,0
DA:13,0
DA:14,0
DA:16,0
DA:17,0
DA:21,1
DA:24,0
DA:25,0
DA:26,0
DA:39,0
DA:40,0
DA:43,0
DA:45,0
DA:51,0
DA:53,0
DA:58,0
DA:68,0
DA:72,0
DA:73,0
DA:74,0
DA:75,0
DA:76,0
DA:77,0
DA:79,0
DA:85,0
DA:86,0
DA:89,0
DA:94,0
DA:100,0
DA:102,0
DA:103,0
DA:107,0
DA:110,0
DA:111,0
DA:113,0
DA:117,1
DA:118,0
DA:119,0
DA:125,0
DA:126,0
DA:129,0
DA:135,0
DA:140,0
DA:148,0
DA:149,0
DA:150,0
DA:151,0
DA:152,0
DA:153,0
DA:155,0
DA:159,0
DA:160,0
DA:163,0
DA:167,0
DA:169,0
DA:170,0
DA:174,1
DA:177,0
DA:178,0
DA:179,0
DA:185,0
DA:191,0
DA:199,0
DA:200,0
DA:201,0
DA:202,0
DA:203,0
DA:204,0
DA:206,0
DA:210,0
DA:211,0
DA:214,0
DA:218,0
DA:220,0
DA:221,0
DA:225,1
DA:226,0
DA:227,0
DA:233,0
DA:238,0
DA:246,0
DA:247,0
DA:249,0
DA:250,0
DA:254,1
DA:255,1
DA:256,1
DA:257,1
LF:95
LH:15
BRDA:39,0,0,0
BRDA:71,1,0,0
BRDA:100,2,0,0
BRDA:100,2,1,0
BRDA:100,3,0,0
BRDA:100,3,1,0
BRDA:125,4,0,0
BRDA:148,5,0,0
BRDA:199,6,0,0
BRF:9
BRH:0
end_of_record
TN:
SF:src\services\event.service.ts
FN:6,(anonymous_7)
FN:10,(anonymous_8)
FN:41,(anonymous_10)
FN:54,(anonymous_11)
FN:89,(anonymous_12)
FN:118,(anonymous_14)
FN:147,(anonymous_16)
FN:175,(anonymous_18)
FN:221,(anonymous_20)
FN:222,(anonymous_21)
FN:230,(anonymous_22)
FN:231,(anonymous_23)
FN:240,(anonymous_24)
FN:240,(anonymous_25)
FN:241,(anonymous_26)
FN:246,(anonymous_27)
FN:247,(anonymous_28)
FN:256,(anonymous_29)
FN:257,(anonymous_30)
FN:267,(anonymous_31)
FN:267,(anonymous_32)
FN:268,(anonymous_33)
FN:318,(anonymous_34)
FN:358,(anonymous_36)
FN:401,(anonymous_38)
FN:427,(anonymous_40)
FN:454,(anonymous_42)
FN:491,(anonymous_44)
FN:511,(anonymous_45)
FNF:29
FNH:21
FNDA:19,(anonymous_7)
FNDA:1,(anonymous_8)
FNDA:1,(anonymous_10)
FNDA:1,(anonymous_11)
FNDA:2,(anonymous_12)
FNDA:2,(anonymous_14)
FNDA:0,(anonymous_16)
FNDA:3,(anonymous_18)
FNDA:2,(anonymous_20)
FNDA:0,(anonymous_21)
FNDA:2,(anonymous_22)
FNDA:2,(anonymous_23)
FNDA:2,(anonymous_24)
FNDA:2,(anonymous_25)
FNDA:0,(anonymous_26)
FNDA:2,(anonymous_27)
FNDA:0,(anonymous_28)
FNDA:2,(anonymous_29)
FNDA:2,(anonymous_30)
FNDA:2,(anonymous_31)
FNDA:2,(anonymous_32)
FNDA:0,(anonymous_33)
FNDA:3,(anonymous_34)
FNDA:3,(anonymous_36)
FNDA:4,(anonymous_38)
FNDA:1,(anonymous_40)
FNDA:0,(anonymous_42)
FNDA:0,(anonymous_44)
FNDA:0,(anonymous_45)
DA:1,1
DA:4,1
DA:6,1
DA:7,19
DA:11,1
DA:22,1
DA:24,1
DA:26,1
DA:38,1
DA:39,1
DA:41,1
DA:51,1
DA:52,1
DA:54,1
DA:64,1
DA:72,1
DA:78,0
DA:79,0
DA:85,1
DA:90,2
DA:91,2
DA:101,1
DA:107,1
DA:108,1
DA:114,2
DA:119,2
DA:120,2
DA:130,2
DA:136,0
DA:137,0
DA:143,2
DA:148,0
DA:149,0
DA:159,0
DA:165,0
DA:166,0
DA:172,0
DA:180,3
DA:190,3
DA:192,3
DA:201,3
DA:202,0
DA:206,3
DA:214,3
DA:215,1
DA:220,2
DA:221,2
DA:222,0
DA:229,2
DA:230,2
DA:231,2
DA:239,2
DA:240,2
DA:241,0
DA:245,2
DA:246,2
DA:247,0
DA:255,2
DA:256,2
DA:257,2
DA:266,2
DA:267,2
DA:268,0
DA:271,2
DA:300,1
DA:306,2
DA:307,2
DA:313,3
DA:319,3
DA:320,3
DA:324,3
DA:325,1
DA:332,2
DA:340,1
DA:347,1
DA:348,1
DA:354,3
DA:362,3
DA:364,3
DA:368,2
DA:369,1
DA:377,1
DA:384,1
DA:390,1
DA:391,1
DA:397,3
DA:402,4
DA:403,4
DA:410,3
DA:416,1
DA:417,1
DA:423,4
DA:428,1
DA:429,1
DA:437,1
DA:443,0
DA:444,0
DA:450,1
DA:455,0
DA:456,0
DA:490,0
DA:491,0
DA:494,0
DA:500,0
DA:501,0
DA:507,0
DA:512,0
DA:513,0
DA:525,0
DA:531,0
DA:532,0
DA:538,0
LF:112
LH:81
BRDA:38,0,0,1
BRDA:38,1,0,1
BRDA:38,1,1,1
BRDA:51,2,0,1
BRDA:51,3,0,1
BRDA:51,3,1,1
BRDA:201,4,0,0
BRDA:214,5,0,1
BRDA:220,6,0,2
BRDA:220,6,1,0
BRDA:220,7,0,0
BRDA:220,7,1,2
BRDA:220,8,0,2
BRDA:220,8,1,2
BRDA:229,9,0,2
BRDA:229,9,1,0
BRDA:229,10,0,0
BRDA:229,10,1,2
BRDA:229,11,0,2
BRDA:229,11,1,2
BRDA:240,12,0,0
BRDA:240,12,1,2
BRDA:240,13,0,2
BRDA:240,13,1,2
BRDA:245,14,0,2
BRDA:245,14,1,0
BRDA:245,15,0,0
BRDA:245,15,1,2
BRDA:245,16,0,2
BRDA:245,16,1,2
BRDA:255,17,0,2
BRDA:255,17,1,0
BRDA:255,18,0,0
BRDA:255,18,1,2
BRDA:255,19,0,2
BRDA:255,19,1,2
BRDA:267,20,0,0
BRDA:267,20,1,2
BRDA:267,21,0,2
BRDA:267,21,1,2
BRDA:309,22,0,2
BRDA:309,22,1,0
BRDA:324,23,0,1
BRDA:368,24,0,1
BRF:44
BRH:32
end_of_record
TN:
SF:src\services\user.service.ts
FN:15,(anonymous_8)
FN:360,(anonymous_9)
FN:360,(anonymous_10)
FN:18,(anonymous_11)
FN:69,(anonymous_13)
FN:89,(anonymous_15)
FN:113,(anonymous_17)
FN:149,(anonymous_19)
FN:177,(anonymous_21)
FN:219,(anonymous_23)
FN:251,(anonymous_25)
FN:251,(anonymous_26)
FN:315,(anonymous_27)
FN:318,(anonymous_28)
FN:397,(anonymous_30)
FN:431,(anonymous_32)
FN:472,(anonymous_34)
FN:474,(anonymous_35)
FN:481,(anonymous_36)
FN:487,(anonymous_37)
FN:488,(anonymous_38)
FNF:21
FNH:5
FNDA:9,(anonymous_8)
FNDA:0,(anonymous_9)
FNDA:0,(anonymous_10)
FNDA:3,(anonymous_11)
FNDA:2,(anonymous_13)
FNDA:2,(anonymous_15)
FNDA:2,(anonymous_17)
FNDA:0,(anonymous_19)
FNDA:0,(anonymous_21)
FNDA:0,(anonymous_23)
FNDA:0,(anonymous_25)
FNDA:0,(anonymous_26)
FNDA:0,(anonymous_27)
FNDA:0,(anonymous_28)
FNDA:0,(anonymous_30)
FNDA:0,(anonymous_32)
FNDA:0,(anonymous_34)
FNDA:0,(anonymous_35)
FNDA:0,(anonymous_36)
FNDA:0,(anonymous_37)
FNDA:0,(anonymous_38)
DA:1,1
DA:3,1
DA:4,1
DA:7,1
DA:13,1
DA:15,1
DA:16,9
DA:19,3
DA:20,3
DA:21,3
DA:22,0
DA:28,3
DA:29,3
DA:31,3
DA:42,1
DA:48,2
DA:51,1
DA:57,1
DA:58,1
DA:65,3
DA:70,2
DA:71,2
DA:72,1
DA:78,1
DA:79,1
DA:85,2
DA:90,2
DA:91,2
DA:96,1
DA:102,1
DA:103,1
DA:109,2
DA:114,2
DA:115,2
DA:118,2
DA:132,1
DA:138,1
DA:144,2
DA:150,0
DA:151,0
DA:159,0
DA:165,0
DA:166,0
DA:172,0
DA:178,0
DA:179,0
DA:183,0
DA:184,0
DA:191,0
DA:199,0
DA:201,0
DA:208,0
DA:209,0
DA:215,0
DA:220,0
DA:221,0
DA:225,0
DA:226,0
DA:233,0
DA:239,0
DA:240,0
DA:246,0
DA:251,0
DA:252,0
DA:253,0
DA:258,0
DA:259,0
DA:266,0
DA:267,0
DA:272,0
DA:273,0
DA:278,0
DA:282,0
DA:286,0
DA:292,0
DA:296,0
DA:303,0
DA:304,0
DA:311,0
DA:316,0
DA:319,0
DA:320,0
DA:323,0
DA:324,0
DA:330,0
DA:331,0
DA:332,0
DA:341,0
DA:342,0
DA:348,0
DA:349,0
DA:355,0
DA:360,9
DA:361,0
DA:362,0
DA:363,0
DA:364,0
DA:370,0
DA:371,0
DA:380,0
DA:386,0
DA:387,0
DA:393,0
DA:398,0
DA:399,0
DA:414,0
DA:420,0
DA:421,0
DA:427,0
DA:432,0
DA:434,0
DA:463,0
DA:464,0
DA:472,0
DA:474,0
DA:481,0
DA:486,0
DA:487,0
DA:488,0
DA:490,0
DA:505,0
DA:511,0
DA:512,0
LF:123
LH:38
BRDA:363,0,0,0
BRDA:21,1,0,0
BRDA:48,2,0,1
BRDA:48,2,1,1
BRDA:115,3,0,2
BRDA:115,3,1,0
BRDA:183,4,0,0
BRDA:225,5,0,0
BRDA:258,6,0,0
BRDA:266,7,0,0
BRDA:266,7,1,0
BRDA:323,8,0,0
BRDA:463,9,0,0
BRDA:481,10,0,0
BRDA:481,10,1,0
BRDA:481,11,0,0
BRDA:481,11,1,0
BRDA:481,12,0,0
BRDA:481,12,1,0
BRDA:501,13,0,0
BRDA:501,13,1,0
BRF:21
BRH:3
end_of_record
